<?xml version="1.0" encoding="UTF-8"?>
<!-- Generated by org.testng.reporters.JUnitReportReporter -->
<testsuite hostname="CTLINDT-0133" name="Automation.winAppDriver.CareSuiteMedPassScenario" tests="1" failures="0" timestamp="25 Mar 2020 15:15:33 GMT" time="108.528" errors="0">
  <testcase name="medPassScenario1" time="108.528" classname="Automation.winAppDriver.CareSuiteMedPassScenario"/>
</testsuite> <!-- Automation.winAppDriver.CareSuiteMedPassScenario -->
