<?xml version="1.0" encoding="UTF-8"?>
<!-- Generated by org.testng.reporters.JUnitReportReporter -->
<testsuite hostname="CTLINDT-0133" name="Automation.winAppDriver.simpleTest" tests="1" failures="0" timestamp="6 Mar 2020 14:24:21 GMT" time="0.020" errors="0">
  <testcase name="test" time="0.020" classname="Automation.winAppDriver.simpleTest"/>
</testsuite> <!-- Automation.winAppDriver.simpleTest -->
